<?xml version="1.0" encoding="utf-8"?><testsuites name="pytest tests"><testsuite name="pytest" errors="0" failures="0" skipped="0" tests="20" time="2.645" timestamp="2026-06-26T08:36:34.739192+00:00" hostname="agent-env-0386195e-3cbd-4dbc-aea4-f447aaf35f39"><testcase classname="backend.tests.test_pitch_camara_downloads.TestPitchPDF" name="test_pitch_pdf_status_and_content_type" time="0.298" /><testcase classname="backend.tests.test_pitch_camara_downloads.TestPitchPDF" name="test_pitch_pdf_magic_bytes_and_size" time="0.125" /><testcase classname="backend.tests.test_pitch_camara_downloads.TestPitchPDF" name="test_pitch_pdf_sha256_matches_expected" time="0.163" /><testcase classname="backend.tests.test_pitch_camara_downloads.TestPitchPDF" name="test_pitch_pdf_content_disposition" time="0.164" /><testcase classname="backend.tests.test_pitch_camara_downloads.TestPitchOTS" name="test_pitch_ots_status_and_content_type" time="0.133" /><testcase classname="backend.tests.test_pitch_camara_downloads.TestPitchOTS" name="test_pitch_ots_size_and_non_html" time="0.097" /><testcase classname="backend.tests.test_pitch_camara_downloads.TestPitchOTS" name="test_pitch_ots_magic_bytes" time="0.096" /><testcase classname="backend.tests.test_pitch_camara_downloads.TestPitchSHA256" name="test_sha256_endpoint_status" time="0.099" /><testcase classname="backend.tests.test_pitch_camara_downloads.TestPitchSHA256" name="test_sha256_payload" time="0.103" /><testcase classname="backend.tests.test_pitch_camara_downloads.TestPitchSHA256" name="test_sha256_consistent_with_pdf_download" time="0.159" /><testcase classname="backend.tests.test_pitch_camara_downloads.TestCamaraPDF" name="test_camara_pdf_status_and_content_type" time="0.118" /><testcase classname="backend.tests.test_pitch_camara_downloads.TestCamaraPDF" name="test_camara_pdf_magic_and_size" time="0.118" /><testcase classname="backend.tests.test_pitch_camara_downloads.TestCamaraOTS" name="test_camara_ots_status_content_type" time="0.108" /><testcase classname="backend.tests.test_pitch_camara_downloads.TestCamaraOTS" name="test_camara_ots_size_and_magic" time="0.103" /><testcase classname="backend.tests.test_pitch_camara_downloads.TestCamaraHTML" name="test_camara_html_status_and_type" time="0.100" /><testcase classname="backend.tests.test_pitch_camara_downloads.TestCamaraHTML" name="test_camara_html_contains_keywords" time="0.142" /><testcase classname="backend.tests.test_pitch_camara_downloads.TestCamaraTXT" name="test_camara_txt_status_and_type" time="0.104" /><testcase classname="backend.tests.test_pitch_camara_downloads.TestCamaraTXT" name="test_camara_txt_contains_keywords" time="0.107" /><testcase classname="backend.tests.test_pitch_camara_downloads.TestCamaraMD" name="test_camara_md_status_and_type" time="0.097" /><testcase classname="backend.tests.test_pitch_camara_downloads.TestCamaraMD" name="test_camara_md_contains_keywords" time="0.098" /></testsuite></testsuites>