<?xml version="1.0" encoding="utf-8"?><testsuites name="pytest tests"><testsuite name="pytest" errors="0" failures="0" skipped="0" tests="20" time="3.401" timestamp="2026-04-15T20:46:45.127796+00:00" hostname="agent-env-0386195e-3cbd-4dbc-aea4-f447aaf35f39"><testcase classname="tests.test_x39matrix_api.TestHealthEndpoint" name="test_health_returns_ok" time="0.202" /><testcase classname="tests.test_x39matrix_api.TestAuthEndpoints" name="test_register_new_user" time="0.109" /><testcase classname="tests.test_x39matrix_api.TestAuthEndpoints" name="test_register_short_nick_fails" time="0.119" /><testcase classname="tests.test_x39matrix_api.TestAuthEndpoints" name="test_register_short_password_fails" time="0.148" /><testcase classname="tests.test_x39matrix_api.TestAuthEndpoints" name="test_register_duplicate_nick_fails" time="0.126" /><testcase classname="tests.test_x39matrix_api.TestAuthEndpoints" name="test_login_valid_credentials" time="0.113" /><testcase classname="tests.test_x39matrix_api.TestAuthEndpoints" name="test_login_invalid_credentials" time="0.134" /><testcase classname="tests.test_x39matrix_api.TestAuthEndpoints" name="test_login_nonexistent_user" time="0.142" /><testcase classname="tests.test_x39matrix_api.TestAuthenticatedEndpoints" name="test_get_me" time="0.235" /><testcase classname="tests.test_x39matrix_api.TestAuthenticatedEndpoints" name="test_get_users" time="0.245" /><testcase classname="tests.test_x39matrix_api.TestAuthenticatedEndpoints" name="test_get_rooms" time="0.245" /><testcase classname="tests.test_x39matrix_api.TestSecurityEndpoints" name="test_get_security_layers" time="0.219" /><testcase classname="tests.test_x39matrix_api.TestSecurityEndpoints" name="test_get_security_alerts" time="0.242" /><testcase classname="tests.test_x39matrix_api.TestSecurityEndpoints" name="test_get_security_stats" time="0.211" /><testcase classname="tests.test_x39matrix_api.TestSecurityEndpoints" name="test_get_manual_layers" time="0.254" /><testcase classname="tests.test_x39matrix_api.TestUnauthorizedAccess" name="test_security_layers_without_token" time="0.115" /><testcase classname="tests.test_x39matrix_api.TestUnauthorizedAccess" name="test_security_alerts_without_token" time="0.106" /><testcase classname="tests.test_x39matrix_api.TestUnauthorizedAccess" name="test_security_stats_without_token" time="0.119" /><testcase classname="tests.test_x39matrix_api.TestUnauthorizedAccess" name="test_users_without_token" time="0.107" /><testcase classname="tests.test_x39matrix_api.TestUnauthorizedAccess" name="test_invalid_token" time="0.125" /></testsuite></testsuites>